CRITICAL - 2022-06-16 10:49:24 --> syntax error, unexpected token "}"
in APPPATH\Controllers\Admin\Kategori.php on line 42.
 1 SYSTEMPATH\Autoloader\Autoloader.php(261): CodeIgniter\Autoloader\Autoloader->includeFile('APPPATH\\Controllers\\Admin\\Kategori.php')
 2 SYSTEMPATH\Autoloader\Autoloader.php(239): CodeIgniter\Autoloader\Autoloader->loadInNamespace('App\\Controllers\\Admin\\kategori')
 3 [internal function]: CodeIgniter\Autoloader\Autoloader->loadClass('App\\Controllers\\Admin\\kategori')
 4 SYSTEMPATH\CodeIgniter.php(848): class_exists('\\App\\Controllers\\Admin\\kategori', true)
 5 SYSTEMPATH\CodeIgniter.php(455): CodeIgniter\CodeIgniter->startController()
 6 SYSTEMPATH\CodeIgniter.php(351): CodeIgniter\CodeIgniter->handleRequest(null, Object(Config\Cache), false)
 7 FCPATH\index.php(55): CodeIgniter\CodeIgniter->run()
CRITICAL - 2022-06-16 10:51:52 --> syntax error, unexpected token "}", expecting ";"
in APPPATH\Controllers\Admin\Kategori.php on line 44.
 1 SYSTEMPATH\Autoloader\Autoloader.php(261): CodeIgniter\Autoloader\Autoloader->includeFile('APPPATH\\Controllers\\Admin\\Kategori.php')
 2 SYSTEMPATH\Autoloader\Autoloader.php(239): CodeIgniter\Autoloader\Autoloader->loadInNamespace('App\\Controllers\\Admin\\kategori')
 3 [internal function]: CodeIgniter\Autoloader\Autoloader->loadClass('App\\Controllers\\Admin\\kategori')
 4 SYSTEMPATH\CodeIgniter.php(848): class_exists('\\App\\Controllers\\Admin\\kategori', true)
 5 SYSTEMPATH\CodeIgniter.php(455): CodeIgniter\CodeIgniter->startController()
 6 SYSTEMPATH\CodeIgniter.php(351): CodeIgniter\CodeIgniter->handleRequest(null, Object(Config\Cache), false)
 7 FCPATH\index.php(55): CodeIgniter\CodeIgniter->run()
CRITICAL - 2022-06-16 10:51:58 --> syntax error, unexpected token "}", expecting ";"
in APPPATH\Controllers\Admin\Kategori.php on line 44.
 1 SYSTEMPATH\Autoloader\Autoloader.php(261): CodeIgniter\Autoloader\Autoloader->includeFile('APPPATH\\Controllers\\Admin\\Kategori.php')
 2 SYSTEMPATH\Autoloader\Autoloader.php(239): CodeIgniter\Autoloader\Autoloader->loadInNamespace('App\\Controllers\\Admin\\kategori')
 3 [internal function]: CodeIgniter\Autoloader\Autoloader->loadClass('App\\Controllers\\Admin\\kategori')
 4 SYSTEMPATH\CodeIgniter.php(848): class_exists('\\App\\Controllers\\Admin\\kategori', true)
 5 SYSTEMPATH\CodeIgniter.php(455): CodeIgniter\CodeIgniter->startController()
 6 SYSTEMPATH\CodeIgniter.php(351): CodeIgniter\CodeIgniter->handleRequest(null, Object(Config\Cache), false)
 7 FCPATH\index.php(55): CodeIgniter\CodeIgniter->run()
CRITICAL - 2022-06-16 10:51:59 --> syntax error, unexpected token "}", expecting ";"
in APPPATH\Controllers\Admin\Kategori.php on line 44.
 1 SYSTEMPATH\Autoloader\Autoloader.php(261): CodeIgniter\Autoloader\Autoloader->includeFile('APPPATH\\Controllers\\Admin\\Kategori.php')
 2 SYSTEMPATH\Autoloader\Autoloader.php(239): CodeIgniter\Autoloader\Autoloader->loadInNamespace('App\\Controllers\\Admin\\kategori')
 3 [internal function]: CodeIgniter\Autoloader\Autoloader->loadClass('App\\Controllers\\Admin\\kategori')
 4 SYSTEMPATH\CodeIgniter.php(848): class_exists('\\App\\Controllers\\Admin\\kategori', true)
 5 SYSTEMPATH\CodeIgniter.php(455): CodeIgniter\CodeIgniter->startController()
 6 SYSTEMPATH\CodeIgniter.php(351): CodeIgniter\CodeIgniter->handleRequest(null, Object(Config\Cache), false)
 7 FCPATH\index.php(55): CodeIgniter\CodeIgniter->run()
CRITICAL - 2022-06-16 10:52:00 --> syntax error, unexpected token "}", expecting ";"
in APPPATH\Controllers\Admin\Kategori.php on line 44.
 1 SYSTEMPATH\Autoloader\Autoloader.php(261): CodeIgniter\Autoloader\Autoloader->includeFile('APPPATH\\Controllers\\Admin\\Kategori.php')
 2 SYSTEMPATH\Autoloader\Autoloader.php(239): CodeIgniter\Autoloader\Autoloader->loadInNamespace('App\\Controllers\\Admin\\kategori')
 3 [internal function]: CodeIgniter\Autoloader\Autoloader->loadClass('App\\Controllers\\Admin\\kategori')
 4 SYSTEMPATH\CodeIgniter.php(848): class_exists('\\App\\Controllers\\Admin\\kategori', true)
 5 SYSTEMPATH\CodeIgniter.php(455): CodeIgniter\CodeIgniter->startController()
 6 SYSTEMPATH\CodeIgniter.php(351): CodeIgniter\CodeIgniter->handleRequest(null, Object(Config\Cache), false)
 7 FCPATH\index.php(55): CodeIgniter\CodeIgniter->run()
ERROR - 2022-06-16 20:55:27 --> Unknown column 'id' in 'where clause'
CRITICAL - 2022-06-16 20:55:27 --> Unknown column 'id' in 'where clause'
in SYSTEMPATH\Database\MySQLi\Connection.php on line 292.
 1 SYSTEMPATH\Database\MySQLi\Connection.php(292): mysqli->query('DELETE FROM `tbl_kategori`
WHERE `id` IN (\'9\')', 0)
 2 SYSTEMPATH\Database\BaseConnection.php(678): CodeIgniter\Database\MySQLi\Connection->execute('DELETE FROM `tbl_kategori`
WHERE `id` IN (\'9\')')
 3 SYSTEMPATH\Database\BaseConnection.php(606): CodeIgniter\Database\BaseConnection->simpleQuery('DELETE FROM `tbl_kategori`
WHERE `id` IN (\'9\')')
 4 SYSTEMPATH\Database\BaseBuilder.php(2358): CodeIgniter\Database\BaseConnection->query('DELETE FROM `tbl_kategori`
WHERE `id` IN :id:', [...], false)
 5 SYSTEMPATH\Model.php(400): CodeIgniter\Database\BaseBuilder->delete()
 6 SYSTEMPATH\BaseModel.php(963): CodeIgniter\Model->doDelete([...], false)
 7 APPPATH\Controllers\Admin\Kategori.php(56): CodeIgniter\BaseModel->delete([...])
 8 SYSTEMPATH\CodeIgniter.php(898): App\Controllers\Admin\Kategori->deleteFarrel('9')
 9 SYSTEMPATH\CodeIgniter.php(468): CodeIgniter\CodeIgniter->runController(Object(App\Controllers\Admin\Kategori))
10 SYSTEMPATH\CodeIgniter.php(351): CodeIgniter\CodeIgniter->handleRequest(null, Object(Config\Cache), false)
11 FCPATH\index.php(55): CodeIgniter\CodeIgniter->run()
ERROR - 2022-06-16 21:00:37 --> Unknown column 'id' in 'where clause'
CRITICAL - 2022-06-16 21:00:37 --> Unknown column 'id' in 'where clause'
in SYSTEMPATH\Database\MySQLi\Connection.php on line 292.
 1 SYSTEMPATH\Database\MySQLi\Connection.php(292): mysqli->query('DELETE FROM `tbl_kategori`
WHERE `id` IN (\'9\')', 0)
 2 SYSTEMPATH\Database\BaseConnection.php(678): CodeIgniter\Database\MySQLi\Connection->execute('DELETE FROM `tbl_kategori`
WHERE `id` IN (\'9\')')
 3 SYSTEMPATH\Database\BaseConnection.php(606): CodeIgniter\Database\BaseConnection->simpleQuery('DELETE FROM `tbl_kategori`
WHERE `id` IN (\'9\')')
 4 SYSTEMPATH\Database\BaseBuilder.php(2358): CodeIgniter\Database\BaseConnection->query('DELETE FROM `tbl_kategori`
WHERE `id` IN :id:', [...], false)
 5 SYSTEMPATH\Model.php(400): CodeIgniter\Database\BaseBuilder->delete()
 6 SYSTEMPATH\BaseModel.php(963): CodeIgniter\Model->doDelete([...], false)
 7 APPPATH\Controllers\Admin\Kategori.php(56): CodeIgniter\BaseModel->delete([...])
 8 SYSTEMPATH\CodeIgniter.php(898): App\Controllers\Admin\Kategori->deleteFarrel('9')
 9 SYSTEMPATH\CodeIgniter.php(468): CodeIgniter\CodeIgniter->runController(Object(App\Controllers\Admin\Kategori))
10 SYSTEMPATH\CodeIgniter.php(351): CodeIgniter\CodeIgniter->handleRequest(null, Object(Config\Cache), false)
11 FCPATH\index.php(55): CodeIgniter\CodeIgniter->run()
ERROR - 2022-06-16 21:03:07 --> Unknown column 'id' in 'where clause'
ERROR - 2022-06-16 21:03:36 --> Unknown column 'id' in 'where clause'
ERROR - 2022-06-16 21:06:51 --> Unknown column 'id' in 'where clause'
CRITICAL - 2022-06-16 21:42:25 --> Invalid file: kategori/update.php
in SYSTEMPATH\Exceptions\FrameworkException.php on line 33.
 1 SYSTEMPATH\View\View.php(201): CodeIgniter\Exceptions\FrameworkException::forInvalidFile('kategori/update.php')
 2 SYSTEMPATH\Common.php(1135): CodeIgniter\View\View->render('kategori/update', [], true)
 3 APPPATH\Controllers\Admin\Kategori.php(49): view('kategori/update', [...])
 4 SYSTEMPATH\CodeIgniter.php(898): App\Controllers\Admin\Kategori->findFarrel('2')
 5 SYSTEMPATH\CodeIgniter.php(468): CodeIgniter\CodeIgniter->runController(Object(App\Controllers\Admin\Kategori))
 6 SYSTEMPATH\CodeIgniter.php(351): CodeIgniter\CodeIgniter->handleRequest(null, Object(Config\Cache), false)
 7 FCPATH\index.php(55): CodeIgniter\CodeIgniter->run()
CRITICAL - 2022-06-16 21:45:04 --> Invalid file: kategori/update.php
in SYSTEMPATH\Exceptions\FrameworkException.php on line 33.
 1 SYSTEMPATH\View\View.php(201): CodeIgniter\Exceptions\FrameworkException::forInvalidFile('kategori/update.php')
 2 SYSTEMPATH\Common.php(1135): CodeIgniter\View\View->render('kategori/update', [], true)
 3 APPPATH\Controllers\Admin\Kategori.php(49): view('kategori/update', [...])
 4 SYSTEMPATH\CodeIgniter.php(898): App\Controllers\Admin\Kategori->findFarrel('5')
 5 SYSTEMPATH\CodeIgniter.php(468): CodeIgniter\CodeIgniter->runController(Object(App\Controllers\Admin\Kategori))
 6 SYSTEMPATH\CodeIgniter.php(351): CodeIgniter\CodeIgniter->handleRequest(null, Object(Config\Cache), false)
 7 FCPATH\index.php(55): CodeIgniter\CodeIgniter->run()
CRITICAL - 2022-06-16 21:57:53 --> Invalid file: kategori/update.php
in SYSTEMPATH\Exceptions\FrameworkException.php on line 33.
 1 SYSTEMPATH\View\View.php(201): CodeIgniter\Exceptions\FrameworkException::forInvalidFile('kategori/update.php')
 2 SYSTEMPATH\Common.php(1135): CodeIgniter\View\View->render('kategori/update', [], true)
 3 APPPATH\Controllers\Admin\Kategori.php(50): view('kategori/update', [...])
 4 SYSTEMPATH\CodeIgniter.php(898): App\Controllers\Admin\Kategori->findFarrel('6')
 5 SYSTEMPATH\CodeIgniter.php(468): CodeIgniter\CodeIgniter->runController(Object(App\Controllers\Admin\Kategori))
 6 SYSTEMPATH\CodeIgniter.php(351): CodeIgniter\CodeIgniter->handleRequest(null, Object(Config\Cache), false)
 7 FCPATH\index.php(55): CodeIgniter\CodeIgniter->run()
CRITICAL - 2022-06-16 22:03:03 --> Invalid file: kategori/update.php
in SYSTEMPATH\Exceptions\FrameworkException.php on line 33.
 1 SYSTEMPATH\View\View.php(201): CodeIgniter\Exceptions\FrameworkException::forInvalidFile('kategori/update.php')
 2 SYSTEMPATH\Common.php(1135): CodeIgniter\View\View->render('kategori/update', [], true)
 3 APPPATH\Controllers\Admin\Kategori.php(49): view('kategori/update', [...])
 4 SYSTEMPATH\CodeIgniter.php(898): App\Controllers\Admin\Kategori->findFarrel('1')
 5 SYSTEMPATH\CodeIgniter.php(468): CodeIgniter\CodeIgniter->runController(Object(App\Controllers\Admin\Kategori))
 6 SYSTEMPATH\CodeIgniter.php(351): CodeIgniter\CodeIgniter->handleRequest(null, Object(Config\Cache), false)
 7 FCPATH\index.php(55): CodeIgniter\CodeIgniter->run()
CRITICAL - 2022-06-16 22:03:51 --> Invalid file: kategori/update.php
in SYSTEMPATH\Exceptions\FrameworkException.php on line 33.
 1 SYSTEMPATH\View\View.php(201): CodeIgniter\Exceptions\FrameworkException::forInvalidFile('kategori/update.php')
 2 SYSTEMPATH\Common.php(1135): CodeIgniter\View\View->render('kategori/update', [], true)
 3 APPPATH\Controllers\Admin\Kategori.php(49): view('kategori/update', [...])
 4 SYSTEMPATH\CodeIgniter.php(898): App\Controllers\Admin\Kategori->findFarrel('4')
 5 SYSTEMPATH\CodeIgniter.php(468): CodeIgniter\CodeIgniter->runController(Object(App\Controllers\Admin\Kategori))
 6 SYSTEMPATH\CodeIgniter.php(351): CodeIgniter\CodeIgniter->handleRequest(null, Object(Config\Cache), false)
 7 FCPATH\index.php(55): CodeIgniter\CodeIgniter->run()
CRITICAL - 2022-06-16 22:04:40 --> Invalid file: kategori/update.php
in SYSTEMPATH\Exceptions\FrameworkException.php on line 33.
 1 SYSTEMPATH\View\View.php(201): CodeIgniter\Exceptions\FrameworkException::forInvalidFile('kategori/update.php')
 2 SYSTEMPATH\Common.php(1135): CodeIgniter\View\View->render('kategori/update', [], true)
 3 APPPATH\Controllers\Admin\Kategori.php(49): view('kategori/update', [...])
 4 SYSTEMPATH\CodeIgniter.php(898): App\Controllers\Admin\Kategori->findFarrel('1')
 5 SYSTEMPATH\CodeIgniter.php(468): CodeIgniter\CodeIgniter->runController(Object(App\Controllers\Admin\Kategori))
 6 SYSTEMPATH\CodeIgniter.php(351): CodeIgniter\CodeIgniter->handleRequest(null, Object(Config\Cache), false)
 7 FCPATH\index.php(55): CodeIgniter\CodeIgniter->run()
CRITICAL - 2022-06-16 22:05:00 --> Invalid file: kategori/update.php
in SYSTEMPATH\Exceptions\FrameworkException.php on line 33.
 1 SYSTEMPATH\View\View.php(201): CodeIgniter\Exceptions\FrameworkException::forInvalidFile('kategori/update.php')
 2 SYSTEMPATH\Common.php(1135): CodeIgniter\View\View->render('kategori/update', [], true)
 3 APPPATH\Controllers\Admin\Kategori.php(49): view('kategori/update', [...])
 4 SYSTEMPATH\CodeIgniter.php(898): App\Controllers\Admin\Kategori->findFarrel('1')
 5 SYSTEMPATH\CodeIgniter.php(468): CodeIgniter\CodeIgniter->runController(Object(App\Controllers\Admin\Kategori))
 6 SYSTEMPATH\CodeIgniter.php(351): CodeIgniter\CodeIgniter->handleRequest(null, Object(Config\Cache), false)
 7 FCPATH\index.php(55): CodeIgniter\CodeIgniter->run()
CRITICAL - 2022-06-16 22:07:50 --> Undefined variable $value
in APPPATH\Views\template\admin.php on line 14.
 1 APPPATH\Views\template\admin.php(14): CodeIgniter\Debug\Exceptions->errorHandler(2, 'Undefined variable $value', 'APPPATH\\Views\\template\\admin.php', 14)
 2 SYSTEMPATH\View\View.php(213): include('APPPATH\\Views\\template\\admin.php')
 3 SYSTEMPATH\View\View.php(216): CodeIgniter\View\View->CodeIgniter\View\{closure}()
 4 SYSTEMPATH\View\View.php(229): CodeIgniter\View\View->render('template/admin', [], true)
 5 SYSTEMPATH\Common.php(1135): CodeIgniter\View\View->render('kategori/select', [], true)
 6 APPPATH\Controllers\Admin\Kategori.php(23): view('kategori/select', [...])
 7 SYSTEMPATH\CodeIgniter.php(898): App\Controllers\Admin\Kategori->read()
 8 SYSTEMPATH\CodeIgniter.php(468): CodeIgniter\CodeIgniter->runController(Object(App\Controllers\Admin\Kategori))
 9 SYSTEMPATH\CodeIgniter.php(351): CodeIgniter\CodeIgniter->handleRequest(null, Object(Config\Cache), false)
10 FCPATH\index.php(55): CodeIgniter\CodeIgniter->run()
CRITICAL - 2022-06-16 22:08:29 --> Invalid file: kategori/update.php
in SYSTEMPATH\Exceptions\FrameworkException.php on line 33.
 1 SYSTEMPATH\View\View.php(201): CodeIgniter\Exceptions\FrameworkException::forInvalidFile('kategori/update.php')
 2 SYSTEMPATH\Common.php(1135): CodeIgniter\View\View->render('kategori/update', [], true)
 3 APPPATH\Controllers\Admin\Kategori.php(49): view('kategori/update', [...])
 4 SYSTEMPATH\CodeIgniter.php(898): App\Controllers\Admin\Kategori->findFarrel('6')
 5 SYSTEMPATH\CodeIgniter.php(468): CodeIgniter\CodeIgniter->runController(Object(App\Controllers\Admin\Kategori))
 6 SYSTEMPATH\CodeIgniter.php(351): CodeIgniter\CodeIgniter->handleRequest(null, Object(Config\Cache), false)
 7 FCPATH\index.php(55): CodeIgniter\CodeIgniter->run()
CRITICAL - 2022-06-16 22:11:12 --> Call to undefined method App\Models\Kategori_M::findFarrel
in SYSTEMPATH\Model.php on line 773.
 1 APPPATH\Controllers\Admin\Kategori.php(42): CodeIgniter\Model->__call('findFarrel', [...])
 2 SYSTEMPATH\CodeIgniter.php(898): App\Controllers\Admin\Kategori->findFarrel('1')
 3 SYSTEMPATH\CodeIgniter.php(468): CodeIgniter\CodeIgniter->runController(Object(App\Controllers\Admin\Kategori))
 4 SYSTEMPATH\CodeIgniter.php(351): CodeIgniter\CodeIgniter->handleRequest(null, Object(Config\Cache), false)
 5 FCPATH\index.php(55): CodeIgniter\CodeIgniter->run()
CRITICAL - 2022-06-16 22:11:29 --> Invalid file: kategori/update.php
in SYSTEMPATH\Exceptions\FrameworkException.php on line 33.
 1 SYSTEMPATH\View\View.php(201): CodeIgniter\Exceptions\FrameworkException::forInvalidFile('kategori/update.php')
 2 SYSTEMPATH\Common.php(1135): CodeIgniter\View\View->render('kategori/update', [], true)
 3 APPPATH\Controllers\Admin\Kategori.php(49): view('kategori/update', [...])
 4 SYSTEMPATH\CodeIgniter.php(898): App\Controllers\Admin\Kategori->findFarrel('1')
 5 SYSTEMPATH\CodeIgniter.php(468): CodeIgniter\CodeIgniter->runController(Object(App\Controllers\Admin\Kategori))
 6 SYSTEMPATH\CodeIgniter.php(351): CodeIgniter\CodeIgniter->handleRequest(null, Object(Config\Cache), false)
 7 FCPATH\index.php(55): CodeIgniter\CodeIgniter->run()
CRITICAL - 2022-06-16 22:11:48 --> Invalid file: kategori/update.php
in SYSTEMPATH\Exceptions\FrameworkException.php on line 33.
 1 SYSTEMPATH\View\View.php(201): CodeIgniter\Exceptions\FrameworkException::forInvalidFile('kategori/update.php')
 2 SYSTEMPATH\Common.php(1135): CodeIgniter\View\View->render('kategori/update', [], true)
 3 APPPATH\Controllers\Admin\Kategori.php(49): view('kategori/update', [...])
 4 SYSTEMPATH\CodeIgniter.php(898): App\Controllers\Admin\Kategori->findFarrel('1')
 5 SYSTEMPATH\CodeIgniter.php(468): CodeIgniter\CodeIgniter->runController(Object(App\Controllers\Admin\Kategori))
 6 SYSTEMPATH\CodeIgniter.php(351): CodeIgniter\CodeIgniter->handleRequest(null, Object(Config\Cache), false)
 7 FCPATH\index.php(55): CodeIgniter\CodeIgniter->run()
CRITICAL - 2022-06-16 22:14:25 --> Invalid file: kategori/update.php
in SYSTEMPATH\Exceptions\FrameworkException.php on line 33.
 1 SYSTEMPATH\View\View.php(201): CodeIgniter\Exceptions\FrameworkException::forInvalidFile('kategori/update.php')
 2 SYSTEMPATH\Common.php(1135): CodeIgniter\View\View->render('kategori/update', [], true)
 3 APPPATH\Controllers\Admin\Kategori.php(49): view('kategori/update', [...])
 4 SYSTEMPATH\CodeIgniter.php(898): App\Controllers\Admin\Kategori->findFarrel('1')
 5 SYSTEMPATH\CodeIgniter.php(468): CodeIgniter\CodeIgniter->runController(Object(App\Controllers\Admin\Kategori))
 6 SYSTEMPATH\CodeIgniter.php(351): CodeIgniter\CodeIgniter->handleRequest(null, Object(Config\Cache), false)
 7 FCPATH\index.php(55): CodeIgniter\CodeIgniter->run()
CRITICAL - 2022-06-16 22:18:39 --> Invalid file: kategori/update.php
in SYSTEMPATH\Exceptions\FrameworkException.php on line 33.
 1 SYSTEMPATH\View\View.php(201): CodeIgniter\Exceptions\FrameworkException::forInvalidFile('kategori/update.php')
 2 SYSTEMPATH\Common.php(1135): CodeIgniter\View\View->render('kategori/update', [], true)
 3 APPPATH\Controllers\Admin\Kategori.php(49): view('kategori/update', [...])
 4 SYSTEMPATH\CodeIgniter.php(898): App\Controllers\Admin\Kategori->findFarrel('1')
 5 SYSTEMPATH\CodeIgniter.php(468): CodeIgniter\CodeIgniter->runController(Object(App\Controllers\Admin\Kategori))
 6 SYSTEMPATH\CodeIgniter.php(351): CodeIgniter\CodeIgniter->handleRequest(null, Object(Config\Cache), false)
 7 FCPATH\index.php(55): CodeIgniter\CodeIgniter->run()
CRITICAL - 2022-06-16 22:19:08 --> Invalid file: kategori/update.php
in SYSTEMPATH\Exceptions\FrameworkException.php on line 33.
 1 SYSTEMPATH\View\View.php(201): CodeIgniter\Exceptions\FrameworkException::forInvalidFile('kategori/update.php')
 2 SYSTEMPATH\Common.php(1135): CodeIgniter\View\View->render('kategori/update', [], true)
 3 APPPATH\Controllers\Admin\Kategori.php(49): view('kategori/update', [...])
 4 SYSTEMPATH\CodeIgniter.php(898): App\Controllers\Admin\Kategori->findFarrel('1')
 5 SYSTEMPATH\CodeIgniter.php(468): CodeIgniter\CodeIgniter->runController(Object(App\Controllers\Admin\Kategori))
 6 SYSTEMPATH\CodeIgniter.php(351): CodeIgniter\CodeIgniter->handleRequest(null, Object(Config\Cache), false)
 7 FCPATH\index.php(55): CodeIgniter\CodeIgniter->run()
CRITICAL - 2022-06-16 22:19:49 --> Invalid file: kategori/update.php
in SYSTEMPATH\Exceptions\FrameworkException.php on line 33.
 1 SYSTEMPATH\View\View.php(201): CodeIgniter\Exceptions\FrameworkException::forInvalidFile('kategori/update.php')
 2 SYSTEMPATH\Common.php(1135): CodeIgniter\View\View->render('kategori/update', [], true)
 3 APPPATH\Controllers\Admin\Kategori.php(49): view('kategori/update', [...])
 4 SYSTEMPATH\CodeIgniter.php(898): App\Controllers\Admin\Kategori->findFarrel('1')
 5 SYSTEMPATH\CodeIgniter.php(468): CodeIgniter\CodeIgniter->runController(Object(App\Controllers\Admin\Kategori))
 6 SYSTEMPATH\CodeIgniter.php(351): CodeIgniter\CodeIgniter->handleRequest(null, Object(Config\Cache), false)
 7 FCPATH\index.php(55): CodeIgniter\CodeIgniter->run()
CRITICAL - 2022-06-16 22:23:07 --> Invalid file: kategori/update.php
in SYSTEMPATH\Exceptions\FrameworkException.php on line 33.
 1 SYSTEMPATH\View\View.php(201): CodeIgniter\Exceptions\FrameworkException::forInvalidFile('kategori/update.php')
 2 SYSTEMPATH\Common.php(1135): CodeIgniter\View\View->render('kategori/update', [], true)
 3 APPPATH\Controllers\Admin\Kategori.php(49): view('kategori/update', [...])
 4 SYSTEMPATH\CodeIgniter.php(898): App\Controllers\Admin\Kategori->findFarrel('1')
 5 SYSTEMPATH\CodeIgniter.php(468): CodeIgniter\CodeIgniter->runController(Object(App\Controllers\Admin\Kategori))
 6 SYSTEMPATH\CodeIgniter.php(351): CodeIgniter\CodeIgniter->handleRequest(null, Object(Config\Cache), false)
 7 FCPATH\index.php(55): CodeIgniter\CodeIgniter->run()
